<?xml version="1.0" encoding="UTF-8"?>
<testng-results ignored="0" total="1" passed="1" failed="0" skipped="0">
  <reporter-output>
  </reporter-output>
  <suite started-at="2021-10-20T16:55:18 IDT" name="Default Suite" finished-at="2021-10-20T16:55:18 IDT" duration-ms="60">
    <groups>
    </groups>
    <test started-at="2021-10-20T16:55:18 IDT" name="testNG" finished-at="2021-10-20T16:55:18 IDT" duration-ms="60">
      <class name="testCases.Tests">
        <test-method signature="maketest()[pri:0, instance:testCases.Tests@5876a9af]" started-at="2021-10-20T16:55:18 IDT" name="maketest" finished-at="2021-10-20T16:55:18 IDT" duration-ms="10" status="PASS">
          <reporter-output>
          </reporter-output>
        </test-method> <!-- maketest -->
      </class> <!-- testCases.Tests -->
    </test> <!-- testNG -->
  </suite> <!-- Default Suite -->
</testng-results>
